[debug] [2024-11-15T19:04:39.788Z] ----------------------------------------------------------------------
[debug] [2024-11-15T19:04:39.792Z] Command:       /usr/local/bin/node /usr/local/bin/firebase deploy
[debug] [2024-11-15T19:04:39.792Z] CLI Version:   13.22.1
[debug] [2024-11-15T19:04:39.792Z] Platform:      darwin
[debug] [2024-11-15T19:04:39.792Z] Node Version:  v21.6.0
[debug] [2024-11-15T19:04:39.793Z] Time:          Fri Nov 15 2024 21:04:39 GMT+0200 (Eastern European Standard Time)
[debug] [2024-11-15T19:04:39.793Z] ----------------------------------------------------------------------
[debug] 
[debug] [2024-11-15T19:04:39.794Z] >>> [apiv2][query] GET https://firebase-public.firebaseio.com/cli.json [none]
[debug] [2024-11-15T19:04:39.850Z] > command requires scopes: ["email","openid","https://www.googleapis.com/auth/cloudplatformprojects.readonly","https://www.googleapis.com/auth/firebase","https://www.googleapis.com/auth/cloud-platform"]
[debug] [2024-11-15T19:04:39.850Z] > authorizing via signed-in user (wanke@kth.se)
[debug] [2024-11-15T19:04:39.850Z] [iam] checking project groupee-fi for permissions ["firebase.projects.get","firebasehosting.sites.update"]
[debug] [2024-11-15T19:04:39.851Z] Checked if tokens are valid: false, expires at: 1729696629598
[debug] [2024-11-15T19:04:39.851Z] Checked if tokens are valid: false, expires at: 1729696629598
[debug] [2024-11-15T19:04:39.851Z] > refreshing access token with scopes: []
[debug] [2024-11-15T19:04:39.851Z] >>> [apiv2][query] POST https://www.googleapis.com/oauth2/v3/token [none]
[debug] [2024-11-15T19:04:39.851Z] >>> [apiv2][body] POST https://www.googleapis.com/oauth2/v3/token [omitted]
[debug] [2024-11-15T19:04:39.967Z] <<< [apiv2][status] POST https://www.googleapis.com/oauth2/v3/token 200
[debug] [2024-11-15T19:04:39.967Z] <<< [apiv2][body] POST https://www.googleapis.com/oauth2/v3/token [omitted]
[debug] [2024-11-15T19:04:39.983Z] >>> [apiv2][query] POST https://cloudresourcemanager.googleapis.com/v1/projects/groupee-fi:testIamPermissions [none]
[debug] [2024-11-15T19:04:39.983Z] >>> [apiv2][(partial)header] POST https://cloudresourcemanager.googleapis.com/v1/projects/groupee-fi:testIamPermissions x-goog-quota-user=projects/groupee-fi
[debug] [2024-11-15T19:04:39.983Z] >>> [apiv2][body] POST https://cloudresourcemanager.googleapis.com/v1/projects/groupee-fi:testIamPermissions {"permissions":["firebase.projects.get","firebasehosting.sites.update"]}
[debug] [2024-11-15T19:04:40.336Z] <<< [apiv2][status] GET https://firebase-public.firebaseio.com/cli.json 200
[debug] [2024-11-15T19:04:40.337Z] <<< [apiv2][body] GET https://firebase-public.firebaseio.com/cli.json {"cloudBuildErrorAfter":1594252800000,"cloudBuildWarnAfter":1590019200000,"defaultNode10After":1594252800000,"minVersion":"3.0.5","node8DeploysDisabledAfter":1613390400000,"node8RuntimeDisabledAfter":1615809600000,"node8WarnAfter":1600128000000}
[debug] [2024-11-15T19:04:40.880Z] <<< [apiv2][status] POST https://cloudresourcemanager.googleapis.com/v1/projects/groupee-fi:testIamPermissions 200
[debug] [2024-11-15T19:04:40.880Z] <<< [apiv2][body] POST https://cloudresourcemanager.googleapis.com/v1/projects/groupee-fi:testIamPermissions {}
[debug] [2024-11-15T19:04:40.880Z] [iam] error while checking permissions, command may fail: FirebaseError: Authorization failed. This account is missing the following required permissions on project groupee-fi:

  firebase.projects.get
  firebasehosting.sites.update
[debug] [2024-11-15T19:04:40.882Z] Checked if tokens are valid: true, expires at: 1731701078967
[debug] [2024-11-15T19:04:40.882Z] Checked if tokens are valid: true, expires at: 1731701078967
[debug] [2024-11-15T19:04:40.882Z] >>> [apiv2][query] GET https://firebase.googleapis.com/v1beta1/projects/groupee-fi [none]
[debug] [2024-11-15T19:04:42.091Z] <<< [apiv2][status] GET https://firebase.googleapis.com/v1beta1/projects/groupee-fi 403
[debug] [2024-11-15T19:04:42.091Z] <<< [apiv2][body] GET https://firebase.googleapis.com/v1beta1/projects/groupee-fi {"error":{"code":403,"message":"The caller does not have permission","status":"PERMISSION_DENIED"}}
[debug] [2024-11-15T19:04:42.093Z] HTTP Error: 403, The caller does not have permission
[debug] [2024-11-15T19:04:42.180Z] FirebaseError: HTTP Error: 403, The caller does not have permission
    at responseToError (/usr/local/lib/node_modules/firebase-tools/lib/responseToError.js:49:12)
    at RetryOperation._fn (/usr/local/lib/node_modules/firebase-tools/lib/apiv2.js:312:77)
    at process.processTicksAndRejections (node:internal/process/task_queues:95:5)
[error] 
[error] Error: Failed to get Firebase project groupee-fi. Please make sure the project exists and your account has permission to access it.
[debug] [2024-11-15T19:14:31.070Z] ----------------------------------------------------------------------
[debug] [2024-11-15T19:14:31.073Z] Command:       /usr/local/bin/node /usr/local/bin/firebase deploy
[debug] [2024-11-15T19:14:31.073Z] CLI Version:   13.22.1
[debug] [2024-11-15T19:14:31.073Z] Platform:      darwin
[debug] [2024-11-15T19:14:31.073Z] Node Version:  v21.6.0
[debug] [2024-11-15T19:14:31.074Z] Time:          Fri Nov 15 2024 21:14:31 GMT+0200 (Eastern European Standard Time)
[debug] [2024-11-15T19:14:31.074Z] ----------------------------------------------------------------------
[debug] 
[debug] [2024-11-15T19:14:31.111Z] > command requires scopes: ["email","openid","https://www.googleapis.com/auth/cloudplatformprojects.readonly","https://www.googleapis.com/auth/firebase","https://www.googleapis.com/auth/cloud-platform"]
[debug] [2024-11-15T19:14:31.111Z] > authorizing via signed-in user (wanke@kth.se)
[debug] [2024-11-15T19:14:31.111Z] [iam] checking project groupee-fi for permissions ["firebase.projects.get","firebasehosting.sites.update"]
[debug] [2024-11-15T19:14:31.112Z] Checked if tokens are valid: true, expires at: 1731701078967
[debug] [2024-11-15T19:14:31.112Z] Checked if tokens are valid: true, expires at: 1731701078967
[debug] [2024-11-15T19:14:31.112Z] >>> [apiv2][query] POST https://cloudresourcemanager.googleapis.com/v1/projects/groupee-fi:testIamPermissions [none]
[debug] [2024-11-15T19:14:31.112Z] >>> [apiv2][(partial)header] POST https://cloudresourcemanager.googleapis.com/v1/projects/groupee-fi:testIamPermissions x-goog-quota-user=projects/groupee-fi
[debug] [2024-11-15T19:14:31.113Z] >>> [apiv2][body] POST https://cloudresourcemanager.googleapis.com/v1/projects/groupee-fi:testIamPermissions {"permissions":["firebase.projects.get","firebasehosting.sites.update"]}
[debug] [2024-11-15T19:14:32.084Z] <<< [apiv2][status] POST https://cloudresourcemanager.googleapis.com/v1/projects/groupee-fi:testIamPermissions 200
[debug] [2024-11-15T19:14:32.084Z] <<< [apiv2][body] POST https://cloudresourcemanager.googleapis.com/v1/projects/groupee-fi:testIamPermissions {}
[debug] [2024-11-15T19:14:32.084Z] [iam] error while checking permissions, command may fail: FirebaseError: Authorization failed. This account is missing the following required permissions on project groupee-fi:

  firebase.projects.get
  firebasehosting.sites.update
[debug] [2024-11-15T19:14:32.084Z] Checked if tokens are valid: true, expires at: 1731701078967
[debug] [2024-11-15T19:14:32.085Z] Checked if tokens are valid: true, expires at: 1731701078967
[debug] [2024-11-15T19:14:32.085Z] >>> [apiv2][query] GET https://firebase.googleapis.com/v1beta1/projects/groupee-fi [none]
[debug] [2024-11-15T19:14:32.381Z] <<< [apiv2][status] GET https://firebase.googleapis.com/v1beta1/projects/groupee-fi 403
[debug] [2024-11-15T19:14:32.382Z] <<< [apiv2][body] GET https://firebase.googleapis.com/v1beta1/projects/groupee-fi {"error":{"code":403,"message":"The caller does not have permission","status":"PERMISSION_DENIED"}}
[debug] [2024-11-15T19:14:32.382Z] HTTP Error: 403, The caller does not have permission
[debug] [2024-11-15T19:14:32.459Z] FirebaseError: HTTP Error: 403, The caller does not have permission
    at responseToError (/usr/local/lib/node_modules/firebase-tools/lib/responseToError.js:49:12)
    at RetryOperation._fn (/usr/local/lib/node_modules/firebase-tools/lib/apiv2.js:312:77)
    at process.processTicksAndRejections (node:internal/process/task_queues:95:5)
[error] 
[error] Error: Failed to get Firebase project groupee-fi. Please make sure the project exists and your account has permission to access it.
[debug] [2024-11-15T19:18:06.119Z] ----------------------------------------------------------------------
[debug] [2024-11-15T19:18:06.121Z] Command:       /usr/local/bin/node /usr/local/bin/firebase deploy
[debug] [2024-11-15T19:18:06.121Z] CLI Version:   13.25.0
[debug] [2024-11-15T19:18:06.121Z] Platform:      darwin
[debug] [2024-11-15T19:18:06.121Z] Node Version:  v21.6.0
[debug] [2024-11-15T19:18:06.122Z] Time:          Fri Nov 15 2024 21:18:06 GMT+0200 (Eastern European Standard Time)
[debug] [2024-11-15T19:18:06.122Z] ----------------------------------------------------------------------
[debug] 
[debug] [2024-11-15T19:18:06.157Z] > command requires scopes: ["email","openid","https://www.googleapis.com/auth/cloudplatformprojects.readonly","https://www.googleapis.com/auth/firebase","https://www.googleapis.com/auth/cloud-platform"]
[debug] [2024-11-15T19:18:06.157Z] > authorizing via signed-in user (wanke@kth.se)
[debug] [2024-11-15T19:18:06.157Z] [iam] checking project groupee-fi for permissions ["firebase.projects.get","firebasehosting.sites.update"]
[debug] [2024-11-15T19:18:06.157Z] Checked if tokens are valid: true, expires at: 1731701078967
[debug] [2024-11-15T19:18:06.157Z] Checked if tokens are valid: true, expires at: 1731701078967
[debug] [2024-11-15T19:18:06.158Z] >>> [apiv2][query] POST https://cloudresourcemanager.googleapis.com/v1/projects/groupee-fi:testIamPermissions [none]
[debug] [2024-11-15T19:18:06.158Z] >>> [apiv2][(partial)header] POST https://cloudresourcemanager.googleapis.com/v1/projects/groupee-fi:testIamPermissions x-goog-quota-user=projects/groupee-fi
[debug] [2024-11-15T19:18:06.158Z] >>> [apiv2][body] POST https://cloudresourcemanager.googleapis.com/v1/projects/groupee-fi:testIamPermissions {"permissions":["firebase.projects.get","firebasehosting.sites.update"]}
[debug] [2024-11-15T19:18:06.981Z] <<< [apiv2][status] POST https://cloudresourcemanager.googleapis.com/v1/projects/groupee-fi:testIamPermissions 200
[debug] [2024-11-15T19:18:06.981Z] <<< [apiv2][body] POST https://cloudresourcemanager.googleapis.com/v1/projects/groupee-fi:testIamPermissions {}
[debug] [2024-11-15T19:18:06.981Z] [iam] error while checking permissions, command may fail: FirebaseError: Authorization failed. This account is missing the following required permissions on project groupee-fi:

  firebase.projects.get
  firebasehosting.sites.update
[debug] [2024-11-15T19:18:06.982Z] Checked if tokens are valid: true, expires at: 1731701078967
[debug] [2024-11-15T19:18:06.982Z] Checked if tokens are valid: true, expires at: 1731701078967
[debug] [2024-11-15T19:18:06.982Z] >>> [apiv2][query] GET https://firebase.googleapis.com/v1beta1/projects/groupee-fi [none]
[debug] [2024-11-15T19:18:07.294Z] <<< [apiv2][status] GET https://firebase.googleapis.com/v1beta1/projects/groupee-fi 403
[debug] [2024-11-15T19:18:07.294Z] <<< [apiv2][body] GET https://firebase.googleapis.com/v1beta1/projects/groupee-fi {"error":{"code":403,"message":"The caller does not have permission","status":"PERMISSION_DENIED"}}
[debug] [2024-11-15T19:18:07.295Z] Request to https://firebase.googleapis.com/v1beta1/projects/groupee-fi had HTTP Error: 403, The caller does not have permission
[debug] [2024-11-15T19:18:07.369Z] FirebaseError: Request to https://firebase.googleapis.com/v1beta1/projects/groupee-fi had HTTP Error: 403, The caller does not have permission
    at responseToError (/usr/local/lib/node_modules/firebase-tools/lib/responseToError.js:52:12)
    at RetryOperation._fn (/usr/local/lib/node_modules/firebase-tools/lib/apiv2.js:312:77)
    at process.processTicksAndRejections (node:internal/process/task_queues:95:5)
[error] 
[error] Error: Failed to get Firebase project groupee-fi. Please make sure the project exists and your account has permission to access it.
